{
  "RSpec": {
    "coverage": {
      "/Users/student/gitDir/acebook-rails-template/app/helpers/application_helper.rb": {
        "lines": [
          null,
          null,
          1,
          null
        ]
      },
      "/Users/student/gitDir/acebook-rails-template/app/helpers/sessions_helper.rb": {
        "lines": [
          null,
          null,
          1,
          null
        ]
      },
      "/Users/student/gitDir/acebook-rails-template/app/helpers/users_helper.rb": {
        "lines": [
          null,
          null,
          1,
          null
        ]
      },
      "/Users/student/gitDir/acebook-rails-template/app/controllers/posts_controller.rb": {
        "lines": [
          null,
          null,
          1,
          1,
          5,
          5,
          null,
          null,
          1,
          5,
          5,
          5,
          null,
          5,
          null,
          null,
          1,
          1,
          1,
          null,
          null,
          1,
          15,
          null,
          15,
          15,
          null,
          null,
          1,
          0,
          0,
          0,
          null,
          null,
          1,
          1,
          1,
          null,
          1,
          1,
          null,
          1,
          null,
          null,
          1,
          null,
          1,
          5,
          null,
          null
        ]
      },
      "/Users/student/gitDir/acebook-rails-template/app/controllers/application_controller.rb": {
        "lines": [
          null,
          null,
          1,
          1,
          null,
          1,
          null,
          1,
          null,
          1,
          30,
          null,
          2,
          null,
          null
        ]
      },
      "/Users/student/gitDir/acebook-rails-template/app/controllers/sessions_controller.rb": {
        "lines": [
          null,
          null,
          1,
          1,
          null,
          1,
          null,
          1,
          2,
          2,
          1,
          1,
          null,
          1,
          1,
          null,
          null,
          null,
          1,
          1,
          1,
          null,
          null
        ]
      },
      "/Users/student/gitDir/acebook-rails-template/app/controllers/users_controller.rb": {
        "lines": [
          null,
          null,
          1,
          1,
          1,
          10,
          null,
          null,
          1,
          9,
          9,
          9,
          null,
          null,
          1,
          null,
          1,
          9,
          null,
          null
        ]
      },
      "/Users/student/gitDir/acebook-rails-template/app/models/friendship.rb": {
        "lines": [
          null,
          null,
          null,
          1,
          1,
          1,
          null
        ]
      },
      "/Users/student/gitDir/acebook-rails-template/app/models/post.rb": {
        "lines": [
          null,
          null,
          1,
          null,
          null
        ]
      },
      "/Users/student/gitDir/acebook-rails-template/app/models/application_record.rb": {
        "lines": [
          null,
          null,
          1,
          1,
          null
        ]
      },
      "/Users/student/gitDir/acebook-rails-template/app/models/user.rb": {
        "lines": [
          null,
          null,
          null,
          1,
          1,
          null,
          null,
          1,
          1,
          1,
          1,
          1,
          null,
          1,
          1,
          1,
          1,
          null,
          null,
          1,
          0,
          null,
          null
        ]
      },
      "/Users/student/gitDir/acebook-rails-template/app/controllers/friendships_controller.rb": {
        "lines": [
          null,
          null,
          1,
          1,
          1,
          1,
          null,
          null,
          1,
          0,
          0,
          0,
          0,
          0,
          0,
          null,
          null
        ]
      }
    },
    "timestamp": 1594372538
  }
}
